<?xml version="1.0" encoding="UTF-8"?>
<!-- Generated by org.testng.reporters.JUnitXMLReporter -->
<testsuite ignored="0" hostname="sayali" failures="0" tests="3" name="Default test" time="11.766" errors="0" timestamp="2026-05-22T19:25:42 IST">
  <testcase classname="Test.Calculator.trigonometricFunctions" name="cos" time="1.858"/>
  <testcase classname="Test.Calculator.trigonometricFunctions" name="sin" time="1.638"/>
  <testcase classname="Test.Calculator.trigonometricFunctions" name="tan" time="1.591"/>
</testsuite> <!-- Default test -->
