<?xml version="1.0" encoding="UTF-8"?>
<testng-results ignored="0" total="2" passed="2" failed="0" skipped="0">
  <reporter-output>
  </reporter-output>
  <suite started-at="2026-05-22T12:09:41 IST" name="Default suite" finished-at="2026-05-22T12:09:47 IST" duration-ms="6867">
    <groups>
    </groups>
    <test started-at="2026-05-22T12:09:41 IST" name="Default test" finished-at="2026-05-22T12:09:47 IST" duration-ms="6867">
      <class name="Test.Calculator.Arithmetic_operators">
        <test-method is-config="true" signature="launch()[pri:0, instance:Test.Calculator.Arithmetic_operators@3754a4bf]" started-at="2026-05-22T12:09:41 IST" name="launch" finished-at="2026-05-22T12:09:44 IST" duration-ms="3029" status="PASS">
          <reporter-output>
          </reporter-output>
        </test-method> <!-- launch -->
        <test-method signature="addition()[pri:0, instance:Test.Calculator.Arithmetic_operators@3754a4bf]" started-at="2026-05-22T12:09:44 IST" name="addition" finished-at="2026-05-22T12:09:45 IST" duration-ms="1641" status="PASS">
          <reporter-output>
          </reporter-output>
        </test-method> <!-- addition -->
        <test-method signature="subtraction()[pri:0, instance:Test.Calculator.Arithmetic_operators@3754a4bf]" started-at="2026-05-22T12:09:45 IST" name="subtraction" finished-at="2026-05-22T12:09:47 IST" duration-ms="2055" status="PASS">
          <reporter-output>
          </reporter-output>
        </test-method> <!-- subtraction -->
      </class> <!-- Test.Calculator.Arithmetic_operators -->
    </test> <!-- Default test -->
  </suite> <!-- Default suite -->
</testng-results>
