<?xml version="1.0" encoding="UTF-8"?>
<!-- Generated by org.testng.reporters.JUnitReportReporter -->
<testsuite hostname="sayali" failures="0" tests="3" name="Test.Calculator.trigonometricFunctions" time="4.707" errors="0" timestamp="2026-05-22T19:27:05 IST" skipped="0">
  <testcase classname="Test.Calculator.trigonometricFunctions" name="sin" time="1.585"/>
  <testcase classname="Test.Calculator.trigonometricFunctions" name="tan" time="1.530"/>
  <testcase classname="Test.Calculator.trigonometricFunctions" name="cos" time="1.592"/>
</testsuite> <!-- Test.Calculator.trigonometricFunctions -->
