<?xml version="1.0" encoding="UTF-8"?>
<!-- Generated by org.testng.reporters.JUnitReportReporter -->
<testsuite hostname="sayali" failures="0" tests="4" name="Test.Calculator.Arithmetic_operators" time="8.325" errors="0" timestamp="2026-05-22T19:27:05 IST" skipped="0">
  <testcase classname="Test.Calculator.Arithmetic_operators" name="div" time="2.550"/>
  <testcase classname="Test.Calculator.Arithmetic_operators" name="subtraction" time="1.972"/>
  <testcase classname="Test.Calculator.Arithmetic_operators" name="addition" time="1.796"/>
  <testcase classname="Test.Calculator.Arithmetic_operators" name="mul" time="2.007"/>
</testsuite> <!-- Test.Calculator.Arithmetic_operators -->
