<?xml version="1.0" encoding="UTF-8"?>
<!-- Generated by org.testng.reporters.JUnitReportReporter -->
<testsuite hostname="sayali" failures="0" tests="2" name="Test.Calculator.Arithmetic_operators" time="3.696" errors="0" timestamp="2026-05-22T12:09:48 IST" skipped="0">
  <testcase classname="Test.Calculator.Arithmetic_operators" name="subtraction" time="2.055"/>
  <testcase classname="Test.Calculator.Arithmetic_operators" name="addition" time="1.641"/>
</testsuite> <!-- Test.Calculator.Arithmetic_operators -->
