<?xml version="1.0" encoding="UTF-8"?>
<!-- Generated by org.testng.reporters.JUnitXMLReporter -->
<testsuite ignored="1" hostname="sayali" failures="0" tests="1" name="Calculator_Test" time="3.451" errors="0" timestamp="2026-05-22T12:02:31 IST">
  <testcase classname="Test.Calculator.Arithmetic_operators" name="addition" time="0.406"/>
  <testcase classname="Test.Calculator.setup" name="@BeforeTest launch" time="0.0">
    <ignored/>
  </testcase> <!-- @BeforeTest launch -->
</testsuite> <!-- Calculator_Test -->
