<?xml version="1.0" encoding="UTF-8"?>
<!-- Generated by org.testng.reporters.JUnitXMLReporter -->
<testsuite ignored="2" hostname="sayali" failures="0" tests="7" name="Calculator_Test" time="16.108" errors="0" timestamp="2026-05-22T19:27:05 IST">
  <testcase classname="Test.Calculator.Arithmetic_operators" name="addition" time="1.796"/>
  <testcase classname="Test.Calculator.Arithmetic_operators" name="div" time="2.55"/>
  <testcase classname="Test.Calculator.Arithmetic_operators" name="mul" time="2.007"/>
  <testcase classname="Test.Calculator.Arithmetic_operators" name="subtraction" time="1.972"/>
  <testcase classname="Test.Calculator.trigonometricFunctions" name="cos" time="1.592"/>
  <testcase classname="Test.Calculator.trigonometricFunctions" name="sin" time="1.585"/>
  <testcase classname="Test.Calculator.trigonometricFunctions" name="tan" time="1.53"/>
  <testcase classname="Test.Calculator.setup" name="@BeforeTest launch" time="0.0">
    <ignored/>
  </testcase> <!-- @BeforeTest launch -->
  <testcase classname="Test.Calculator.setup" name="@BeforeTest launch" time="0.0">
    <ignored/>
  </testcase> <!-- @BeforeTest launch -->
</testsuite> <!-- Calculator_Test -->
